GDRE Tools v2.4.0
Arch Linux #1 ZEN SMP PREEMPT_DYNAMIC Sat, 24 Jan 2026 00:47:26 +0000, Intel(R) Iris(R) Xe Graphics (ADL GT2), vulkan
Opening file: ~/Downloads/elementcattos.x86_64
Guessing bytecode revision from engine version: 4.1.1 (rev 0x77af6ca)
Loaded 858 imported files
Detected Engine Version: 4.1.1
Detected Bytecode Revision: 4.3.0-stable (77af6ca)
Verified 1745 files, no errors detected!
Extracted 1745 files, no errors detected!
Saved project config.


********************************EXPORT REPORT********************************

Totals:                                 
Decompiled scripts:                     0
Failed scripts:                         0
Imported resources for export session:  858
Successfully converted:                 858
Lossy:                                  4
Rewrote metadata:                       830
Non-importable conversions:             0
Not converted:                          0
Failed conversions:                     0
-------------



------------------------------------------------------------------------------------

Use Godot editor version 4.1.1 to edit the project.
Note: the project may be using a custom version of Godot. Detection for this has not been implemented yet.
If you find that you have many non-import errors upon opening the project 
(i.e. scripts or shaders have many errors), use the original game's binary as the export template.

*******************************************************************************

